c:\users\irmxj\desktop\framework3 (12)\mfctool\release\vc140.pdb
c:\users\irmxj\desktop\workingdirectory\katanazero\project\mfctool\release\mfctool.pch
c:\users\irmxj\desktop\workingdirectory\katanazero\project\mfctool\release\vc140.pdb
c:\users\irmxj\desktop\workingdirectory\katanazero\project\mfctool\release\stdafx.obj
c:\users\irmxj\desktop\workingdirectory\katanazero\project\mfctool\release\unittool.obj
c:\users\irmxj\desktop\workingdirectory\katanazero\project\mfctool\release\texture_manager.obj
c:\users\irmxj\desktop\workingdirectory\katanazero\project\mfctool\release\texture.obj
c:\users\irmxj\desktop\workingdirectory\katanazero\project\mfctool\release\terrain.obj
c:\users\irmxj\desktop\workingdirectory\katanazero\project\mfctool\release\single_texture.obj
c:\users\irmxj\desktop\workingdirectory\katanazero\project\mfctool\release\singleton_interface.obj
c:\users\irmxj\desktop\workingdirectory\katanazero\project\mfctool\release\myform.obj
c:\users\irmxj\desktop\workingdirectory\katanazero\project\mfctool\release\multi_texture.obj
c:\users\irmxj\desktop\workingdirectory\katanazero\project\mfctool\release\miniview.obj
c:\users\irmxj\desktop\workingdirectory\katanazero\project\mfctool\release\mfctoolview.obj
c:\users\irmxj\desktop\workingdirectory\katanazero\project\mfctool\release\mfctooldoc.obj
c:\users\irmxj\desktop\workingdirectory\katanazero\project\mfctool\release\mfctool.obj
c:\users\irmxj\desktop\workingdirectory\katanazero\project\mfctool\release\math.obj
c:\users\irmxj\desktop\workingdirectory\katanazero\project\mfctool\release\maptool.obj
c:\users\irmxj\desktop\workingdirectory\katanazero\project\mfctool\release\mainfrm.obj
c:\users\irmxj\desktop\workingdirectory\katanazero\project\mfctool\release\graphic_device.obj
c:\users\irmxj\desktop\workingdirectory\katanazero\project\mfctool\release\fileinfo.obj
c:\users\irmxj\desktop\workingdirectory\katanazero\project\mfctool\release\define.obj
c:\users\irmxj\desktop\workingdirectory\katanazero\project\mfctool\release\mfctool.res
c:\users\irmxj\desktop\workingdirectory\katanazero\project\release\mfctool.pdb
c:\users\irmxj\desktop\workingdirectory\katanazero\project\mfctool\release\mfctool.tlog\cl.command.1.tlog
c:\users\irmxj\desktop\workingdirectory\katanazero\project\mfctool\release\mfctool.tlog\cl.read.1.tlog
c:\users\irmxj\desktop\workingdirectory\katanazero\project\mfctool\release\mfctool.tlog\cl.write.1.tlog
c:\users\irmxj\desktop\workingdirectory\katanazero\project\mfctool\release\mfctool.tlog\link.command.1.tlog
c:\users\irmxj\desktop\workingdirectory\katanazero\project\mfctool\release\mfctool.tlog\link.read.1.tlog
c:\users\irmxj\desktop\workingdirectory\katanazero\project\mfctool\release\mfctool.tlog\link.write.1.tlog
c:\users\irmxj\desktop\workingdirectory\katanazero\project\mfctool\release\mfctool.tlog\rc.command.1.tlog
c:\users\irmxj\desktop\workingdirectory\katanazero\project\mfctool\release\mfctool.tlog\rc.read.1.tlog
c:\users\irmxj\desktop\workingdirectory\katanazero\project\mfctool\release\mfctool.tlog\rc.write.1.tlog
