c:\users\irmxj\desktop\workingdirectory\katanazero\project\mfctool\debug\mfctool.pch
c:\users\irmxj\desktop\workingdirectory\katanazero\project\mfctool\debug\vc140.pdb
c:\users\irmxj\desktop\workingdirectory\katanazero\project\mfctool\debug\vc140.idb
c:\users\irmxj\desktop\workingdirectory\katanazero\project\mfctool\debug\stdafx.obj
c:\users\irmxj\desktop\workingdirectory\katanazero\project\mfctool\debug\define.obj
c:\users\irmxj\desktop\workingdirectory\katanazero\project\mfctool\debug\fileinfo.obj
c:\users\irmxj\desktop\workingdirectory\katanazero\project\mfctool\debug\math.obj
c:\users\irmxj\desktop\workingdirectory\katanazero\project\mfctool\debug\mfctool.obj
c:\users\irmxj\desktop\workingdirectory\katanazero\project\mfctool\debug\mfctooldoc.obj
c:\users\irmxj\desktop\workingdirectory\katanazero\project\mfctool\debug\miniview.obj
c:\users\irmxj\desktop\workingdirectory\katanazero\project\mfctool\debug\multi_texture.obj
c:\users\irmxj\desktop\workingdirectory\katanazero\project\mfctool\debug\myform.obj
c:\users\irmxj\desktop\workingdirectory\katanazero\project\mfctool\debug\singleton_interface.obj
c:\users\irmxj\desktop\workingdirectory\katanazero\project\mfctool\debug\single_texture.obj
c:\users\irmxj\desktop\workingdirectory\katanazero\project\mfctool\debug\texture.obj
c:\users\irmxj\desktop\workingdirectory\katanazero\project\mfctool\debug\texture_manager.obj
c:\users\irmxj\desktop\workingdirectory\katanazero\project\mfctool\debug\unittool.obj
c:\users\irmxj\desktop\workingdirectory\katanazero\project\mfctool\debug\graphic_device.obj
c:\users\irmxj\desktop\workingdirectory\katanazero\project\mfctool\debug\mfctoolview.obj
c:\users\irmxj\desktop\workingdirectory\katanazero\project\mfctool\debug\mainfrm.obj
c:\users\irmxj\desktop\workingdirectory\katanazero\project\mfctool\debug\maptool.obj
c:\users\irmxj\desktop\workingdirectory\katanazero\project\mfctool\debug\terrain.obj
c:\users\irmxj\desktop\workingdirectory\katanazero\project\mfctool\debug\mfctool.res
c:\users\irmxj\desktop\workingdirectory\katanazero\project\debug\mfctool.pdb
c:\users\irmxj\desktop\workingdirectory\katanazero\project\debug\mfctool.exe
c:\users\irmxj\desktop\workingdirectory\katanazero\project\mfctool\debug\mfctool.tlog\cl.command.1.tlog
c:\users\irmxj\desktop\workingdirectory\katanazero\project\mfctool\debug\mfctool.tlog\cl.read.1.tlog
c:\users\irmxj\desktop\workingdirectory\katanazero\project\mfctool\debug\mfctool.tlog\cl.write.1.tlog
c:\users\irmxj\desktop\workingdirectory\katanazero\project\mfctool\debug\mfctool.tlog\link-cvtres.read.1.tlog
c:\users\irmxj\desktop\workingdirectory\katanazero\project\mfctool\debug\mfctool.tlog\link-cvtres.write.1.tlog
c:\users\irmxj\desktop\workingdirectory\katanazero\project\mfctool\debug\mfctool.tlog\link-mt.read.1.tlog
c:\users\irmxj\desktop\workingdirectory\katanazero\project\mfctool\debug\mfctool.tlog\link-mt.write.1.tlog
c:\users\irmxj\desktop\workingdirectory\katanazero\project\mfctool\debug\mfctool.tlog\link-rc.read.1.tlog
c:\users\irmxj\desktop\workingdirectory\katanazero\project\mfctool\debug\mfctool.tlog\link-rc.write.1.tlog
c:\users\irmxj\desktop\workingdirectory\katanazero\project\mfctool\debug\mfctool.tlog\link.20168.read.1.tlog
c:\users\irmxj\desktop\workingdirectory\katanazero\project\mfctool\debug\mfctool.tlog\link.20168.write.1.tlog
c:\users\irmxj\desktop\workingdirectory\katanazero\project\mfctool\debug\mfctool.tlog\link.command.1.tlog
c:\users\irmxj\desktop\workingdirectory\katanazero\project\mfctool\debug\mfctool.tlog\link.read.1.tlog
c:\users\irmxj\desktop\workingdirectory\katanazero\project\mfctool\debug\mfctool.tlog\link.write.1.tlog
c:\users\irmxj\desktop\workingdirectory\katanazero\project\mfctool\debug\mfctool.tlog\rc.command.1.tlog
c:\users\irmxj\desktop\workingdirectory\katanazero\project\mfctool\debug\mfctool.tlog\rc.read.1.tlog
c:\users\irmxj\desktop\workingdirectory\katanazero\project\mfctool\debug\mfctool.tlog\rc.write.1.tlog
