d:\박병건\111a\framework3\client\debug\client.pch
d:\박병건\111a\framework3\client\debug\vc140.pdb
d:\박병건\111a\framework3\client\debug\vc140.idb
d:\박병건\111a\framework3\client\debug\stdafx.obj
d:\박병건\111a\framework3\client\debug\client.obj
d:\박병건\111a\framework3\client\debug\mainapp.obj
d:\박병건\111a\framework3\client\debug\player.obj
d:\박병건\111a\framework3\debug\client.ilk
d:\박병건\111a\framework3\debug\client.exe
d:\박병건\111a\framework3\debug\client.pdb
d:\박병건\111a\framework3\client\debug\client.res
d:\박병건\111a\framework3\client\debug\client.tlog\cl.command.1.tlog
d:\박병건\111a\framework3\client\debug\client.tlog\cl.read.1.tlog
d:\박병건\111a\framework3\client\debug\client.tlog\cl.write.1.tlog
d:\박병건\111a\framework3\client\debug\client.tlog\link.command.1.tlog
d:\박병건\111a\framework3\client\debug\client.tlog\link.read.1.tlog
d:\박병건\111a\framework3\client\debug\client.tlog\link.write.1.tlog
d:\박병건\111a\framework3\client\debug\client.tlog\rc.command.1.tlog
d:\박병건\111a\framework3\client\debug\client.tlog\rc.read.1.tlog
d:\박병건\111a\framework3\client\debug\client.tlog\rc.write.1.tlog
